{
  "RSpec": {
    "coverage": {
      "/home/hilarious-collaborator-7e32/tic-tac-toe-rb-online-web-sp-000/lib/tic_tac_toe.rb": [
        null,
        1,
        null,
        null,
        null,
        null,
        null,
        null,
        null,
        null,
        null,
        1,
        1,
        6,
        6,
        6,
        6,
        6,
        null,
        1,
        null,
        1,
        12,
        0,
        null,
        null,
        1,
        0,
        null,
        null,
        1,
        44,
        null,
        null,
        1,
        3,
        null,
        null,
        1,
        3,
        null,
        null,
        1,
        11,
        11,
        9,
        0,
        0,
        null,
        0,
        null,
        0,
        null,
        null,
        1,
        2,
        2,
        18,
        5,
        null,
        null,
        2,
        null,
        null,
        1,
        1,
        null,
        null,
        null,
        1,
        30,
        173,
        null,
        null,
        null,
        null,
        null,
        1,
        135,
        null,
        null,
        1,
        13,
        null,
        null,
        1,
        11,
        null,
        null,
        1,
        6,
        5,
        null,
        null,
        null,
        null,
        1,
        12,
        5,
        3,
        2,
        2,
        null,
        2,
        3,
        0,
        0,
        0,
        0,
        null,
        null,
        null
      ]
    },
    "timestamp": 1623714406
  }
}
